DEBUG 2026-04-26 20:42:34.207 UTC: 	 CRAB Client version: v3.251020
DEBUG 2026-04-26 20:42:34.208 UTC: 	 Running on: Linux lxplus950.cern.ch 5.14.0-611.41.1.el9_7.x86_64 #1 SMP PREEMPT_DYNAMIC Sat Mar 7 05:13:00 EST 2026 x86_64 x86_64 x86_64 GNU/Linux
DEBUG 2026-04-26 20:42:34.208 UTC: 	 Not using Singularity
DEBUG 2026-04-26 20:42:34.208 UTC: 	 Operating System: Red Hat Enterprise Linux 9.7 (Plow)
DEBUG 2026-04-26 20:42:34.208 UTC: 	 Executing command: 'submit'
DEBUG 2026-04-26 20:42:34.210 UTC: 	 Found CRAB cache file /afs/cern.ch/user/f/fnenna/.crab3
ERROR 2026-04-26 20:42:34.263 UTC: 	 CRAB configuration file CRAB_stream_0.py not found.
ERROR 2026-04-26 20:42:34.263 UTC: 	 Caught ClientException exception
Traceback (most recent call last):
  File "/cvmfs/cms.cern.ch/share/cms/crab-prod/v3.251020.00/bin/crab.py", line 157, in <module>
    client()
  File "/cvmfs/cms.cern.ch/share/cms/crab-prod/v3.251020.00/bin/crab.py", line 135, in __call__
    self.cmd = sub_cmd(self.logger, args[1:])  # the crab command to be executed
  File "/cvmfs/cms.cern.ch/share/cms/crab-prod/v3.251020.00/lib/CRABClient/Commands/submit.py", line 37, in __init__
    SubCommand.__init__(self, logger, cmdargs, disable_interspersed_args=True)
  File "/cvmfs/cms.cern.ch/share/cms/crab-prod/v3.251020.00/lib/CRABClient/Commands/SubCommand.py", line 326, in __init__
    self.loadConfig(self.options.config, self.args)
  File "/cvmfs/cms.cern.ch/share/cms/crab-prod/v3.251020.00/lib/CRABClient/Commands/SubCommand.py", line 52, in loadConfig
    raise ConfigurationException("CRAB configuration file %s not found." % (configname))
CRABClient.ClientExceptions.ConfigurationException: CRAB configuration file CRAB_stream_0.py not found.
INFO 2026-04-26 20:42:34.270 UTC: 	 Log file is /eos/home-f/fnenna/tau3mu_run3/CMSSW_15_0_0/src/PhysicsTools/Tau3muNANO/crab_submission/2024_eraB/crab.log
DEBUG 2026-04-26 20:42:38.727 UTC: 	 CRAB Client version: v3.251020
DEBUG 2026-04-26 20:42:38.727 UTC: 	 Running on: Linux lxplus950.cern.ch 5.14.0-611.41.1.el9_7.x86_64 #1 SMP PREEMPT_DYNAMIC Sat Mar 7 05:13:00 EST 2026 x86_64 x86_64 x86_64 GNU/Linux
DEBUG 2026-04-26 20:42:38.727 UTC: 	 Not using Singularity
DEBUG 2026-04-26 20:42:38.727 UTC: 	 Operating System: Red Hat Enterprise Linux 9.7 (Plow)
DEBUG 2026-04-26 20:42:38.727 UTC: 	 Executing command: 'submit'
DEBUG 2026-04-26 20:42:38.728 UTC: 	 Found CRAB cache file /afs/cern.ch/user/f/fnenna/.crab3
ERROR 2026-04-26 20:42:38.729 UTC: 	 CRAB configuration file CRAB_stream_1.py not found.
ERROR 2026-04-26 20:42:38.729 UTC: 	 Caught ClientException exception
Traceback (most recent call last):
  File "/cvmfs/cms.cern.ch/share/cms/crab-prod/v3.251020.00/bin/crab.py", line 157, in <module>
    client()
  File "/cvmfs/cms.cern.ch/share/cms/crab-prod/v3.251020.00/bin/crab.py", line 135, in __call__
    self.cmd = sub_cmd(self.logger, args[1:])  # the crab command to be executed
  File "/cvmfs/cms.cern.ch/share/cms/crab-prod/v3.251020.00/lib/CRABClient/Commands/submit.py", line 37, in __init__
    SubCommand.__init__(self, logger, cmdargs, disable_interspersed_args=True)
  File "/cvmfs/cms.cern.ch/share/cms/crab-prod/v3.251020.00/lib/CRABClient/Commands/SubCommand.py", line 326, in __init__
    self.loadConfig(self.options.config, self.args)
  File "/cvmfs/cms.cern.ch/share/cms/crab-prod/v3.251020.00/lib/CRABClient/Commands/SubCommand.py", line 52, in loadConfig
    raise ConfigurationException("CRAB configuration file %s not found." % (configname))
CRABClient.ClientExceptions.ConfigurationException: CRAB configuration file CRAB_stream_1.py not found.
INFO 2026-04-26 20:42:38.739 UTC: 	 Log file is /eos/home-f/fnenna/tau3mu_run3/CMSSW_15_0_0/src/PhysicsTools/Tau3muNANO/crab_submission/2024_eraB/crab.log
DEBUG 2026-04-26 20:42:43.103 UTC: 	 CRAB Client version: v3.251020
DEBUG 2026-04-26 20:42:43.103 UTC: 	 Running on: Linux lxplus950.cern.ch 5.14.0-611.41.1.el9_7.x86_64 #1 SMP PREEMPT_DYNAMIC Sat Mar 7 05:13:00 EST 2026 x86_64 x86_64 x86_64 GNU/Linux
DEBUG 2026-04-26 20:42:43.103 UTC: 	 Not using Singularity
DEBUG 2026-04-26 20:42:43.103 UTC: 	 Operating System: Red Hat Enterprise Linux 9.7 (Plow)
DEBUG 2026-04-26 20:42:43.103 UTC: 	 Executing command: 'submit'
DEBUG 2026-04-26 20:42:43.103 UTC: 	 Found CRAB cache file /afs/cern.ch/user/f/fnenna/.crab3
ERROR 2026-04-26 20:42:43.104 UTC: 	 CRAB configuration file CRAB_stream_2.py not found.
ERROR 2026-04-26 20:42:43.104 UTC: 	 Caught ClientException exception
Traceback (most recent call last):
  File "/cvmfs/cms.cern.ch/share/cms/crab-prod/v3.251020.00/bin/crab.py", line 157, in <module>
    client()
  File "/cvmfs/cms.cern.ch/share/cms/crab-prod/v3.251020.00/bin/crab.py", line 135, in __call__
    self.cmd = sub_cmd(self.logger, args[1:])  # the crab command to be executed
  File "/cvmfs/cms.cern.ch/share/cms/crab-prod/v3.251020.00/lib/CRABClient/Commands/submit.py", line 37, in __init__
    SubCommand.__init__(self, logger, cmdargs, disable_interspersed_args=True)
  File "/cvmfs/cms.cern.ch/share/cms/crab-prod/v3.251020.00/lib/CRABClient/Commands/SubCommand.py", line 326, in __init__
    self.loadConfig(self.options.config, self.args)
  File "/cvmfs/cms.cern.ch/share/cms/crab-prod/v3.251020.00/lib/CRABClient/Commands/SubCommand.py", line 52, in loadConfig
    raise ConfigurationException("CRAB configuration file %s not found." % (configname))
CRABClient.ClientExceptions.ConfigurationException: CRAB configuration file CRAB_stream_2.py not found.
INFO 2026-04-26 20:42:43.120 UTC: 	 Log file is /eos/home-f/fnenna/tau3mu_run3/CMSSW_15_0_0/src/PhysicsTools/Tau3muNANO/crab_submission/2024_eraB/crab.log
DEBUG 2026-04-26 20:42:47.457 UTC: 	 CRAB Client version: v3.251020
DEBUG 2026-04-26 20:42:47.457 UTC: 	 Running on: Linux lxplus950.cern.ch 5.14.0-611.41.1.el9_7.x86_64 #1 SMP PREEMPT_DYNAMIC Sat Mar 7 05:13:00 EST 2026 x86_64 x86_64 x86_64 GNU/Linux
DEBUG 2026-04-26 20:42:47.457 UTC: 	 Not using Singularity
DEBUG 2026-04-26 20:42:47.457 UTC: 	 Operating System: Red Hat Enterprise Linux 9.7 (Plow)
DEBUG 2026-04-26 20:42:47.457 UTC: 	 Executing command: 'submit'
DEBUG 2026-04-26 20:42:47.457 UTC: 	 Found CRAB cache file /afs/cern.ch/user/f/fnenna/.crab3
ERROR 2026-04-26 20:42:47.458 UTC: 	 CRAB configuration file CRAB_stream_3.py not found.
ERROR 2026-04-26 20:42:47.458 UTC: 	 Caught ClientException exception
Traceback (most recent call last):
  File "/cvmfs/cms.cern.ch/share/cms/crab-prod/v3.251020.00/bin/crab.py", line 157, in <module>
    client()
  File "/cvmfs/cms.cern.ch/share/cms/crab-prod/v3.251020.00/bin/crab.py", line 135, in __call__
    self.cmd = sub_cmd(self.logger, args[1:])  # the crab command to be executed
  File "/cvmfs/cms.cern.ch/share/cms/crab-prod/v3.251020.00/lib/CRABClient/Commands/submit.py", line 37, in __init__
    SubCommand.__init__(self, logger, cmdargs, disable_interspersed_args=True)
  File "/cvmfs/cms.cern.ch/share/cms/crab-prod/v3.251020.00/lib/CRABClient/Commands/SubCommand.py", line 326, in __init__
    self.loadConfig(self.options.config, self.args)
  File "/cvmfs/cms.cern.ch/share/cms/crab-prod/v3.251020.00/lib/CRABClient/Commands/SubCommand.py", line 52, in loadConfig
    raise ConfigurationException("CRAB configuration file %s not found." % (configname))
CRABClient.ClientExceptions.ConfigurationException: CRAB configuration file CRAB_stream_3.py not found.
INFO 2026-04-26 20:42:47.463 UTC: 	 Log file is /eos/home-f/fnenna/tau3mu_run3/CMSSW_15_0_0/src/PhysicsTools/Tau3muNANO/crab_submission/2024_eraB/crab.log
DEBUG 2026-04-26 20:55:55.931 UTC: 	 CRAB Client version: v3.251020
DEBUG 2026-04-26 20:55:55.931 UTC: 	 Running on: Linux lxplus950.cern.ch 5.14.0-611.41.1.el9_7.x86_64 #1 SMP PREEMPT_DYNAMIC Sat Mar 7 05:13:00 EST 2026 x86_64 x86_64 x86_64 GNU/Linux
DEBUG 2026-04-26 20:55:55.931 UTC: 	 Not using Singularity
DEBUG 2026-04-26 20:55:55.931 UTC: 	 Operating System: Red Hat Enterprise Linux 9.7 (Plow)
DEBUG 2026-04-26 20:55:55.931 UTC: 	 Executing command: 'submit'
DEBUG 2026-04-26 20:55:55.931 UTC: 	 Found CRAB cache file /afs/cern.ch/user/f/fnenna/.crab3
INFO 2026-04-26 20:55:55.935 UTC: 	 Will use CRAB configuration file CRAB_stream_0.py
DEBUG 2026-04-26 20:55:55.935 UTC: 	 Loading CRAB configuration file.
DEBUG 2026-04-26 20:55:55.968 UTC: 	 Will use CRAB plugin ANALYSIS (i.e. will run an analysis job type).
ERROR 2026-04-26 20:55:55.968 UTC: 	 Working area '/eos/home-f/fnenna/tau3mu_run3/CMSSW_15_0_0/src/PhysicsTools/Tau3muNANO/crab_submission/2024_eraB/crab_projects/crab_SkimDsPhiPi_2024eraB_stream0_Mini_v4' already exists 
Please change the requestName in the config file
ERROR 2026-04-26 20:55:55.969 UTC: 	 Caught ClientException exception
Traceback (most recent call last):
  File "/cvmfs/cms.cern.ch/share/cms/crab-prod/v3.251020.00/bin/crab.py", line 157, in <module>
    client()
  File "/cvmfs/cms.cern.ch/share/cms/crab-prod/v3.251020.00/bin/crab.py", line 135, in __call__
    self.cmd = sub_cmd(self.logger, args[1:])  # the crab command to be executed
  File "/cvmfs/cms.cern.ch/share/cms/crab-prod/v3.251020.00/lib/CRABClient/Commands/submit.py", line 37, in __init__
    SubCommand.__init__(self, logger, cmdargs, disable_interspersed_args=True)
  File "/cvmfs/cms.cern.ch/share/cms/crab-prod/v3.251020.00/lib/CRABClient/Commands/SubCommand.py", line 328, in __init__
    self.requestarea, self.requestname, self.logfile = createWorkArea(
  File "/cvmfs/cms.cern.ch/share/cms/crab-prod/v3.251020.00/lib/CRABClient/ClientUtilities.py", line 392, in createWorkArea
    raise ConfigException("Working area '%s' already exists \nPlease change the requestName in the config file" % fullpath)
CRABClient.ClientExceptions.ConfigException: Working area '/eos/home-f/fnenna/tau3mu_run3/CMSSW_15_0_0/src/PhysicsTools/Tau3muNANO/crab_submission/2024_eraB/crab_projects/crab_SkimDsPhiPi_2024eraB_stream0_Mini_v4' already exists 
Please change the requestName in the config file
INFO 2026-04-26 20:55:55.977 UTC: 	 Log file is /eos/home-f/fnenna/tau3mu_run3/CMSSW_15_0_0/src/PhysicsTools/Tau3muNANO/crab_submission/2024_eraB/crab.log
DEBUG 2026-04-26 20:55:59.794 UTC: 	 CRAB Client version: v3.251020
DEBUG 2026-04-26 20:55:59.795 UTC: 	 Running on: Linux lxplus950.cern.ch 5.14.0-611.41.1.el9_7.x86_64 #1 SMP PREEMPT_DYNAMIC Sat Mar 7 05:13:00 EST 2026 x86_64 x86_64 x86_64 GNU/Linux
DEBUG 2026-04-26 20:55:59.795 UTC: 	 Not using Singularity
DEBUG 2026-04-26 20:55:59.795 UTC: 	 Operating System: Red Hat Enterprise Linux 9.7 (Plow)
DEBUG 2026-04-26 20:55:59.795 UTC: 	 Executing command: 'submit'
DEBUG 2026-04-26 20:55:59.795 UTC: 	 Found CRAB cache file /afs/cern.ch/user/f/fnenna/.crab3
INFO 2026-04-26 20:55:59.798 UTC: 	 Will use CRAB configuration file CRAB_stream_1.py
DEBUG 2026-04-26 20:55:59.799 UTC: 	 Loading CRAB configuration file.
DEBUG 2026-04-26 20:55:59.841 UTC: 	 Will use CRAB plugin ANALYSIS (i.e. will run an analysis job type).
ERROR 2026-04-26 20:55:59.841 UTC: 	 Working area '/eos/home-f/fnenna/tau3mu_run3/CMSSW_15_0_0/src/PhysicsTools/Tau3muNANO/crab_submission/2024_eraB/crab_projects/crab_SkimDsPhiPi_2024eraB_stream1_Mini_v4' already exists 
Please change the requestName in the config file
ERROR 2026-04-26 20:55:59.841 UTC: 	 Caught ClientException exception
Traceback (most recent call last):
  File "/cvmfs/cms.cern.ch/share/cms/crab-prod/v3.251020.00/bin/crab.py", line 157, in <module>
    client()
  File "/cvmfs/cms.cern.ch/share/cms/crab-prod/v3.251020.00/bin/crab.py", line 135, in __call__
    self.cmd = sub_cmd(self.logger, args[1:])  # the crab command to be executed
  File "/cvmfs/cms.cern.ch/share/cms/crab-prod/v3.251020.00/lib/CRABClient/Commands/submit.py", line 37, in __init__
    SubCommand.__init__(self, logger, cmdargs, disable_interspersed_args=True)
  File "/cvmfs/cms.cern.ch/share/cms/crab-prod/v3.251020.00/lib/CRABClient/Commands/SubCommand.py", line 328, in __init__
    self.requestarea, self.requestname, self.logfile = createWorkArea(
  File "/cvmfs/cms.cern.ch/share/cms/crab-prod/v3.251020.00/lib/CRABClient/ClientUtilities.py", line 392, in createWorkArea
    raise ConfigException("Working area '%s' already exists \nPlease change the requestName in the config file" % fullpath)
CRABClient.ClientExceptions.ConfigException: Working area '/eos/home-f/fnenna/tau3mu_run3/CMSSW_15_0_0/src/PhysicsTools/Tau3muNANO/crab_submission/2024_eraB/crab_projects/crab_SkimDsPhiPi_2024eraB_stream1_Mini_v4' already exists 
Please change the requestName in the config file
INFO 2026-04-26 20:55:59.848 UTC: 	 Log file is /eos/home-f/fnenna/tau3mu_run3/CMSSW_15_0_0/src/PhysicsTools/Tau3muNANO/crab_submission/2024_eraB/crab.log
DEBUG 2026-04-27 12:56:12.950 UTC: 	 CRAB Client version: v3.251020
DEBUG 2026-04-27 12:56:12.950 UTC: 	 Running on: Linux lxplus917.cern.ch 5.14.0-611.47.1.el9_7.x86_64 #1 SMP PREEMPT_DYNAMIC Tue Mar 31 06:14:21 EDT 2026 x86_64 x86_64 x86_64 GNU/Linux
DEBUG 2026-04-27 12:56:12.950 UTC: 	 Not using Singularity
DEBUG 2026-04-27 12:56:12.950 UTC: 	 Operating System: Red Hat Enterprise Linux 9.7 (Plow)
DEBUG 2026-04-27 12:56:12.950 UTC: 	 Executing command: 'submit'
DEBUG 2026-04-27 12:56:12.951 UTC: 	 Found CRAB cache file /afs/cern.ch/user/f/fnenna/.crab3
INFO 2026-04-27 12:56:13.028 UTC: 	 Will use CRAB configuration file CRAB_stream_0.py
DEBUG 2026-04-27 12:56:13.028 UTC: 	 Loading CRAB configuration file.
DEBUG 2026-04-27 12:56:13.406 UTC: 	 Will use CRAB plugin ANALYSIS (i.e. will run an analysis job type).
ERROR 2026-04-27 12:56:13.424 UTC: 	 Working area '/eos/home-f/fnenna/tau3mu_run3/CMSSW_15_0_0/src/PhysicsTools/Tau3muNANO/crab_submission/2024_eraB/crab_projects/crab_SkimDsPhiPi_2024eraB_stream0_Mini_v4' already exists 
Please change the requestName in the config file
ERROR 2026-04-27 12:56:13.424 UTC: 	 Caught ClientException exception
Traceback (most recent call last):
  File "/cvmfs/cms.cern.ch/share/cms/crab-prod/v3.251020.00/bin/crab.py", line 157, in <module>
    client()
  File "/cvmfs/cms.cern.ch/share/cms/crab-prod/v3.251020.00/bin/crab.py", line 135, in __call__
    self.cmd = sub_cmd(self.logger, args[1:])  # the crab command to be executed
  File "/cvmfs/cms.cern.ch/share/cms/crab-prod/v3.251020.00/lib/CRABClient/Commands/submit.py", line 37, in __init__
    SubCommand.__init__(self, logger, cmdargs, disable_interspersed_args=True)
  File "/cvmfs/cms.cern.ch/share/cms/crab-prod/v3.251020.00/lib/CRABClient/Commands/SubCommand.py", line 328, in __init__
    self.requestarea, self.requestname, self.logfile = createWorkArea(
  File "/cvmfs/cms.cern.ch/share/cms/crab-prod/v3.251020.00/lib/CRABClient/ClientUtilities.py", line 392, in createWorkArea
    raise ConfigException("Working area '%s' already exists \nPlease change the requestName in the config file" % fullpath)
CRABClient.ClientExceptions.ConfigException: Working area '/eos/home-f/fnenna/tau3mu_run3/CMSSW_15_0_0/src/PhysicsTools/Tau3muNANO/crab_submission/2024_eraB/crab_projects/crab_SkimDsPhiPi_2024eraB_stream0_Mini_v4' already exists 
Please change the requestName in the config file
INFO 2026-04-27 12:56:13.439 UTC: 	 Log file is /eos/home-f/fnenna/tau3mu_run3/CMSSW_15_0_0/src/PhysicsTools/Tau3muNANO/crab_submission/2024_eraB/crab.log
DEBUG 2026-04-27 12:56:16.673 UTC: 	 CRAB Client version: v3.251020
DEBUG 2026-04-27 12:56:16.674 UTC: 	 Running on: Linux lxplus917.cern.ch 5.14.0-611.47.1.el9_7.x86_64 #1 SMP PREEMPT_DYNAMIC Tue Mar 31 06:14:21 EDT 2026 x86_64 x86_64 x86_64 GNU/Linux
DEBUG 2026-04-27 12:56:16.674 UTC: 	 Not using Singularity
DEBUG 2026-04-27 12:56:16.674 UTC: 	 Operating System: Red Hat Enterprise Linux 9.7 (Plow)
DEBUG 2026-04-27 12:56:16.674 UTC: 	 Executing command: 'submit'
DEBUG 2026-04-27 12:56:16.674 UTC: 	 Found CRAB cache file /afs/cern.ch/user/f/fnenna/.crab3
INFO 2026-04-27 12:56:16.681 UTC: 	 Will use CRAB configuration file CRAB_stream_1.py
DEBUG 2026-04-27 12:56:16.681 UTC: 	 Loading CRAB configuration file.
DEBUG 2026-04-27 12:56:16.826 UTC: 	 Will use CRAB plugin ANALYSIS (i.e. will run an analysis job type).
ERROR 2026-04-27 12:56:16.833 UTC: 	 Working area '/eos/home-f/fnenna/tau3mu_run3/CMSSW_15_0_0/src/PhysicsTools/Tau3muNANO/crab_submission/2024_eraB/crab_projects/crab_SkimDsPhiPi_2024eraB_stream1_Mini_v4' already exists 
Please change the requestName in the config file
ERROR 2026-04-27 12:56:16.833 UTC: 	 Caught ClientException exception
Traceback (most recent call last):
  File "/cvmfs/cms.cern.ch/share/cms/crab-prod/v3.251020.00/bin/crab.py", line 157, in <module>
    client()
  File "/cvmfs/cms.cern.ch/share/cms/crab-prod/v3.251020.00/bin/crab.py", line 135, in __call__
    self.cmd = sub_cmd(self.logger, args[1:])  # the crab command to be executed
  File "/cvmfs/cms.cern.ch/share/cms/crab-prod/v3.251020.00/lib/CRABClient/Commands/submit.py", line 37, in __init__
    SubCommand.__init__(self, logger, cmdargs, disable_interspersed_args=True)
  File "/cvmfs/cms.cern.ch/share/cms/crab-prod/v3.251020.00/lib/CRABClient/Commands/SubCommand.py", line 328, in __init__
    self.requestarea, self.requestname, self.logfile = createWorkArea(
  File "/cvmfs/cms.cern.ch/share/cms/crab-prod/v3.251020.00/lib/CRABClient/ClientUtilities.py", line 392, in createWorkArea
    raise ConfigException("Working area '%s' already exists \nPlease change the requestName in the config file" % fullpath)
CRABClient.ClientExceptions.ConfigException: Working area '/eos/home-f/fnenna/tau3mu_run3/CMSSW_15_0_0/src/PhysicsTools/Tau3muNANO/crab_submission/2024_eraB/crab_projects/crab_SkimDsPhiPi_2024eraB_stream1_Mini_v4' already exists 
Please change the requestName in the config file
INFO 2026-04-27 12:56:16.840 UTC: 	 Log file is /eos/home-f/fnenna/tau3mu_run3/CMSSW_15_0_0/src/PhysicsTools/Tau3muNANO/crab_submission/2024_eraB/crab.log
