DEBUG 2026-04-27 12:56:34.776 UTC: 	 CRAB Client version: v3.251020
DEBUG 2026-04-27 12:56:34.777 UTC: 	 Running on: Linux lxplus917.cern.ch 5.14.0-611.47.1.el9_7.x86_64 #1 SMP PREEMPT_DYNAMIC Tue Mar 31 06:14:21 EDT 2026 x86_64 x86_64 x86_64 GNU/Linux
DEBUG 2026-04-27 12:56:34.777 UTC: 	 Not using Singularity
DEBUG 2026-04-27 12:56:34.777 UTC: 	 Operating System: Red Hat Enterprise Linux 9.7 (Plow)
DEBUG 2026-04-27 12:56:34.777 UTC: 	 Executing command: 'submit'
DEBUG 2026-04-27 12:56:34.777 UTC: 	 Found CRAB cache file /afs/cern.ch/user/f/fnenna/.crab3
INFO 2026-04-27 12:56:34.789 UTC: 	 Will use CRAB configuration file CRAB_stream_6.py
DEBUG 2026-04-27 12:56:34.790 UTC: 	 Loading CRAB configuration file.
DEBUG 2026-04-27 12:56:35.068 UTC: 	 Will use CRAB plugin ANALYSIS (i.e. will run an analysis job type).
ERROR 2026-04-27 12:56:35.127 UTC: 	 Unhandled Exception!
ERROR 2026-04-27 12:56:35.127 UTC: 	 [Errno 122] Disk quota exceeded: '/afs/cern.ch/user/f/fnenna/.crab3.3394597'
Traceback (most recent call last):
  File "/cvmfs/cms.cern.ch/share/cms/crab-prod/v3.251020.00/bin/crab.py", line 157, in <module>
    client()
  File "/cvmfs/cms.cern.ch/share/cms/crab-prod/v3.251020.00/bin/crab.py", line 135, in __call__
    self.cmd = sub_cmd(self.logger, args[1:])  # the crab command to be executed
  File "/cvmfs/cms.cern.ch/share/cms/crab-prod/v3.251020.00/lib/CRABClient/Commands/submit.py", line 37, in __init__
    SubCommand.__init__(self, logger, cmdargs, disable_interspersed_args=True)
  File "/cvmfs/cms.cern.ch/share/cms/crab-prod/v3.251020.00/lib/CRABClient/Commands/SubCommand.py", line 356, in __init__
    self.updateCRABCacheFile()
  File "/cvmfs/cms.cern.ch/share/cms/crab-prod/v3.251020.00/lib/CRABClient/Commands/SubCommand.py", line 616, in updateCRABCacheFile
    with open(crabCacheFileName_tmp, 'w') as fd:
OSError: [Errno 122] Disk quota exceeded: '/afs/cern.ch/user/f/fnenna/.crab3.3394597'
ERROR 2026-04-27 12:56:35.128 UTC: 	 ERROR: OSError: [Errno 122] Disk quota exceeded: '/afs/cern.ch/user/f/fnenna/.crab3.3394597'
ERROR 2026-04-27 12:56:35.129 UTC: 	 
 Look for more details in crab.log file /eos/home-f/fnenna/tau3mu_run3/CMSSW_15_0_0/src/PhysicsTools/Tau3muNANO/crab_submission/2024_eraB/crab_projects/crab_SkimDsPhiPi_2024eraB_stream6_Mini_v4/crab.log
ERROR 2026-04-27 12:56:35.129 UTC: 	   If you can't figure out the problem, please send email to
ERROR 2026-04-27 12:56:35.129 UTC: 	 	cmstalk+computing-tools@dovecotmta.cern.ch with the crab.log file or crab.log URL.
ERROR 2026-04-27 12:56:35.129 UTC: 	   Please use 'crab uploadlog' to upload the log file /eos/home-f/fnenna/tau3mu_run3/CMSSW_15_0_0/src/PhysicsTools/Tau3muNANO/crab_submission/2024_eraB/crab_projects/crab_SkimDsPhiPi_2024eraB_stream6_Mini_v4/crab.log to the CRAB cache.
